############################################
# LOG FILE
#
# -- run details    : 2013-11-25 00:08:29
#
############################################
The following biological entities occur in WB_Kutscher_ShahamJM_text_ref.xml:
      CELL 
         entity occurrences     
         ------ -----------     
              W 1               
              K 1               
              E 1               
              Y 1               
              B 2               
              F 3               
              M 3               
              D 9               
              U 16              
              C 25              
     CLONE 
         entity occurrences     
         ------ -----------     
              X 1               
      GENE 
         entity occurrences     
         ------ -----------     
          rde-1 1               
          mut-7 1               
            eT1 1               
         unc-93 1               
        unc-119 1               
          her-1 1               
 PHENOTYPE 
         entity occurrences     
         ------ -----------     
          large 1               
            Exp 1               
           long 1               
            Lin 1               
        mutator 1               
          short 2               
          small 2               
 VARIATION 
         entity occurrences     
         ------ -----------     
          e1500 1               


A total of 79 links were made for WB_Kutscher_ShahamJM_text_ref.xml

############################################
# END REPORT
#
# -- time ended     : 00:11:49
#
############################################
