############################################
# LOG FILE
#
# -- run details    : 2013-11-24 23:58:29
#
############################################
The following biological entities occur in WB_Kutscher_ShahamJM_text.xml:
      CELL 
         entity occurrences     
         ------ -----------     
              W 1               
             P0 3               
              M 5               
            EMS 28              
              C 46              
     CLONE 
         entity occurrences     
         ------ -----------     
             M9 18              
      GENE 
         entity occurrences     
         ------ -----------     
         mut-16 1               
          rde-2 1               
          mut-7 1               
         mut-14 1               
          mut-6 1               
          eft-3 2               
            run 2               
          dog-1 2               
         peel-1 2               
        unc-119 3               
          mut-2 4               
 PHENOTYPE 
         entity occurrences     
         ------ -----------     
         lethal 1               
        sterile 2               
             WT 3               
          short 4               
          large 7               
        mutator 8               
          small 14              
    STRAIN 
         entity occurrences     
         ------ -----------     
           NA22 1               
         CB4856 1               
         EG2762 2               
         EG1470 2               
           OP50 3               
             N2 5               
 VARIATION 
         entity occurrences     
         ------ -----------     
         pk2247 1               
             x1 1               


A total of 176 links were made for WB_Kutscher_ShahamJM_text.xml

