314 found in /usr/local/bookworm/html/chapters/
100 files processed
converting to text: /usr/local/bookworm/html/chapters/preprints/Neurobiology/Ethanol.pdf
converting to text: /usr/local/bookworm/html/chapters/preprints/WormMethods/GeneExpression/Embryoinsitu.pdf
converting to text: /usr/local/bookworm/html/chapters/www_Cbriggsaemethods/Cbriggsaemethods.pdf
converting to text: /usr/local/bookworm/html/chapters/www_DNAmicroarrays/DNAmicroarrays.pdf
converting to text: /usr/local/bookworm/html/chapters/www_DNArepair/DNArepair.pdf
converting to text: /usr/local/bookworm/html/chapters/www_RNAbindingproteins/RNAbindingproteins.pdf
converting to text: /usr/local/bookworm/html/chapters/www_RNAishdissectedgonads/RNAishdissectedgonads.pdf
converting to text: /usr/local/bookworm/html/chapters/www_RTKRasMAPKsignaling/RTKRasMAPKsignaling.pdf
converting to text: /usr/local/bookworm/html/chapters/www_SNPsintrothreepointmap/SNPsintrothreepointmap.pdf
converting to text: /usr/local/bookworm/html/chapters/www_SNPsintrotwopointmap/SNPsintrotwopointmap.pdf
converting to text: /usr/local/bookworm/html/chapters/www_SNPsintrotwopointmap.2/SNPsintrotwopointmap.pdf
converting to text: /usr/local/bookworm/html/chapters/www_SarcomereAssembCelegansmusc/SarcomereAssembCelegansmusc.pdf
converting to text: /usr/local/bookworm/html/chapters/www_acetylcholine/acetylcholine.pdf
converting to text: /usr/local/bookworm/html/chapters/www_altsplicing/altsplicing.pdf
converting to text: /usr/local/bookworm/html/chapters/www_anesthetics/anesthetics.pdf
converting to text: /usr/local/bookworm/html/chapters/www_anthelminticdrugs/anthelminticdrugs.pdf
converting to text: /usr/local/bookworm/html/chapters/www_asymcelldiv/asymcelldiv.pdf
converting to text: /usr/local/bookworm/html/chapters/www_autophagy/autophagy.pdf
converting to text: /usr/local/bookworm/html/chapters/www_basementmb/basementmb.pdf
converting to text: /usr/local/bookworm/html/chapters/www_behavior/behavior.pdf
converting to text: /usr/local/bookworm/html/chapters/www_biochemmolbio/biochemmolbio.pdf
converting to text: /usr/local/bookworm/html/chapters/www_cadherinsuperfam/cadherinsuperfam.pdf
converting to text: /usr/local/bookworm/html/chapters/www_cellcyclereguln/cellcyclereguln.pdf
converting to text: /usr/local/bookworm/html/chapters/www_celldivision/celldivision.pdf
converting to text: /usr/local/bookworm/html/chapters/www_cellfusion/cellfusion.pdf
converting to text: /usr/local/bookworm/html/chapters/www_channelexpress/channelexpress.pdf
converting to text: /usr/local/bookworm/html/chapters/www_chemosensation/chemosensation.pdf
converting to text: /usr/local/bookworm/html/chapters/www_chromatinfactors/chromatinfactors.pdf
converting to text: /usr/local/bookworm/html/chapters/www_ciliumbiogenesis/ciliumbiogenesis.pdf
converting to text: /usr/local/bookworm/html/chapters/www_ciliumbiogenesis.2/ciliumbiogenesis.pdf
converting to text: /usr/local/bookworm/html/chapters/www_complementation/complementation.pdf
converting to text: /usr/local/bookworm/html/chapters/www_controloocytematuration/controloocytematuration.pdf
converting to text: /usr/local/bookworm/html/chapters/www_culture/culture.pdf
converting to text: /usr/local/bookworm/html/chapters/www_cuticle/cuticle.pdf
converting to text: /usr/local/bookworm/html/chapters/www_dauer/dauer.pdf
converting to text: /usr/local/bookworm/html/chapters/www_dominantmutations/dominantmutations.pdf
converting to text: /usr/local/bookworm/html/chapters/www_dosagecomp/dosagecomp.pdf
converting to text: /usr/local/bookworm/html/chapters/www_ecolCaenorhabditis/ecolCaenorhabditis.pdf
converting to text: /usr/local/bookworm/html/chapters/www_egglaying/egglaying.pdf
converting to text: /usr/local/bookworm/html/chapters/www_embryovariationdevelop/embryovariationdevelop.pdf
converting to text: /usr/local/bookworm/html/chapters/www_epidermalmorphogenesis/epidermalmorphogenesis.pdf
converting to text: /usr/local/bookworm/html/chapters/www_epistasis/epistasis.pdf
converting to text: /usr/local/bookworm/html/chapters/www_epistasis.2/epistasis.pdf
converting to text: /usr/local/bookworm/html/chapters/www_epithelialjunctionsattach/epithelialjunctionsattach.pdf
200 files processed
converting to text: /usr/local/bookworm/html/chapters/www_essentialgenes/essentialgenes.pdf
converting to text: /usr/local/bookworm/html/chapters/www_ethanol/ethanol.pdf
converting to text: /usr/local/bookworm/html/chapters/www_evoldevnematode/evoldevnematode.pdf
converting to text: /usr/local/bookworm/html/chapters/www_evolutionsexdetermin/evolutionsexdetermin.pdf
converting to text: /usr/local/bookworm/html/chapters/www_function/function.pdf
converting to text: /usr/local/bookworm/html/chapters/www_gaba/gaba.pdf
converting to text: /usr/local/bookworm/html/chapters/www_gastrulation/gastrulation.pdf
converting to text: /usr/local/bookworm/html/chapters/www_geneduplication/geneduplication.pdf
converting to text: /usr/local/bookworm/html/chapters/www_geneexpressionaging/geneexpressionaging.pdf
converting to text: /usr/local/bookworm/html/chapters/www_geneexpressionaging.2/geneexpressionaging.pdf
converting to text: /usr/local/bookworm/html/chapters/www_geneticbalancers/geneticbalancers.pdf
converting to text: /usr/local/bookworm/html/chapters/www_geneticenhancers/geneticenhancers.pdf
converting to text: /usr/local/bookworm/html/chapters/www_geneticmosaics/geneticmosaics.pdf
converting to text: /usr/local/bookworm/html/chapters/www_geneticsuppression/geneticsuppression.pdf
converting to text: /usr/local/bookworm/html/chapters/www_genomclassprot/genomclassprot.pdf
converting to text: /usr/local/bookworm/html/chapters/www_genomesCbriggsae/genomesCbriggsae.pdf
converting to text: /usr/local/bookworm/html/chapters/www_genomesHbacteriophora/genomesHbacteriophora.pdf
converting to text: /usr/local/bookworm/html/chapters/www_genomesOtipulae/genomesOtipulae.pdf
converting to text: /usr/local/bookworm/html/chapters/www_genomesPristionchus/genomesPristionchus.pdf
converting to text: /usr/local/bookworm/html/chapters/www_genomesStrongyloides/genomesStrongyloides.pdf
converting to text: /usr/local/bookworm/html/chapters/www_genomesTrichinella/genomesTrichinella.pdf
converting to text: /usr/local/bookworm/html/chapters/www_genomevol/genomevol.pdf
converting to text: /usr/local/bookworm/html/chapters/www_genomicoverviewkinases/genomicoverviewkinases.pdf
converting to text: /usr/local/bookworm/html/chapters/www_germlinechromatin/germlinechromatin.pdf
converting to text: /usr/local/bookworm/html/chapters/www_germlinegenomics/germlinegenomics.pdf
converting to text: /usr/local/bookworm/html/chapters/www_germlineprolifcontrol/germlineprolifcontrol.pdf
converting to text: /usr/local/bookworm/html/chapters/www_germlinesurvival/germlinesurvival.pdf
converting to text: /usr/local/bookworm/html/chapters/www_glycosylation/glycosylation.pdf
converting to text: /usr/local/bookworm/html/chapters/www_hermcellfate/hermcellfate.pdf
converting to text: /usr/local/bookworm/html/chapters/www_heterotrimericGproteins/heterotrimericGproteins.pdf
converting to text: /usr/local/bookworm/html/chapters/www_homologsHhsignalnetwork/homologsHhsignalnetwork.pdf
converting to text: /usr/local/bookworm/html/chapters/www_imagingneurons/imagingneurons.pdf
converting to text: /usr/local/bookworm/html/chapters/www_immunohistochemistry/immunohistochemistry.pdf
converting to text: /usr/local/bookworm/html/chapters/www_intermetabolism/intermetabolism.pdf
converting to text: /usr/local/bookworm/html/chapters/www_intermicrobpath/intermicrobpath.pdf
converting to text: /usr/local/bookworm/html/chapters/www_intestine/intestine.pdf
converting to text: /usr/local/bookworm/html/chapters/www_intracellulartrafficking/intracellulartrafficking.pdf
converting to text: /usr/local/bookworm/html/chapters/www_introandbasics/introandbasics.pdf
converting to text: /usr/local/bookworm/html/chapters/www_introgeneticsgenomics/IntroGenetGenom.pdf
converting to text: /usr/local/bookworm/html/chapters/www_introgermline/introgermline.pdf
converting to text: /usr/local/bookworm/html/chapters/www_intromethodscellbiology/intromethodscellbiology.pdf
converting to text: /usr/local/bookworm/html/chapters/www_intromethodsneurophys/intromethodsneurophys.pdf
converting to text: /usr/local/bookworm/html/chapters/www_intronematodeevolecol/intronemevolecol.pdf
converting to text: /usr/local/bookworm/html/chapters/www_introreversegenetics/introreversegenetics.pdf
converting to text: /usr/local/bookworm/html/chapters/www_introsexdetermination/introsexdetermination.pdf
converting to text: /usr/local/bookworm/html/chapters/www_introsigtrans/introsignaltransd.pdf
converting to text: /usr/local/bookworm/html/chapters/www_ionotropicglutatmaterecep/ionotropicglutatmaterecep.pdf
converting to text: /usr/local/bookworm/html/chapters/www_karyotype/karyotype.pdf
converting to text: /usr/local/bookworm/html/chapters/www_lin12Notch/lin12notch.pdf
converting to text: /usr/local/bookworm/html/chapters/www_makingcompdmutants/makingcompdmutants.pdf
converting to text: /usr/local/bookworm/html/chapters/www_makingcompdmutants.2/makingcompdmutants.pdf
converting to text: /usr/local/bookworm/html/chapters/www_maledevelopment/maledevelopment.pdf
converting to text: /usr/local/bookworm/html/chapters/www_malematingbehavior/malematingbehavior.pdf
converting to text: /usr/local/bookworm/html/chapters/www_mappingdeficienduplicat/mappingdeficienduplicat.pdf
converting to text: /usr/local/bookworm/html/chapters/www_mappingdeficienduplicat.2/mappingdeficienduplicat.pdf
converting to text: /usr/local/bookworm/html/chapters/www_measurementanalysisCelegans/measurementanalysisCelegans.pdf
converting to text: /usr/local/bookworm/html/chapters/www_mechanosensation/mechanosensation.pdf
converting to text: /usr/local/bookworm/html/chapters/www_mechregultranslation/mechregultranslation.pdf
converting to text: /usr/local/bookworm/html/chapters/www_microRNA/microRNAs.pdf
converting to text: /usr/local/bookworm/html/chapters/www_mitogenetics/mitogenetics.pdf
converting to text: /usr/local/bookworm/html/chapters/www_molecularevol/molecularevol.pdf
converting to text: /usr/local/bookworm/html/chapters/www_monoamines/monoamines.pdf
converting to text: /usr/local/bookworm/html/chapters/www_naturalvariationgenetics/naturalvariationgenetics.pdf
converting to text: /usr/local/bookworm/html/chapters/www_nematodeisolation/nematodeisolation.pdf
converting to text: /usr/local/bookworm/html/chapters/www_networkbio/networkbio.pdf
converting to text: /usr/local/bookworm/html/chapters/www_neuromuscularjunction/neuromuscularjunction.pdf
converting to text: /usr/local/bookworm/html/chapters/www_neuropeptides/neuropeptides.pdf
converting to text: /usr/local/bookworm/html/chapters/www_nomarskianatomymosaic/nomarskianatomymosaic.pdf
converting to text: /usr/local/bookworm/html/chapters/www_noncodingRNA/noncodingRNA.pdf
converting to text: /usr/local/bookworm/html/chapters/www_notchembryo/notchembryo.pdf
converting to text: /usr/local/bookworm/html/chapters/www_nuclearhormonerecep/nuclearhormonerecep.pdf
converting to text: /usr/local/bookworm/html/chapters/www_obesity/obesity.pdf
converting to text: /usr/local/bookworm/html/chapters/www_organformation/organformation.pdf
converting to text: /usr/local/bookworm/html/chapters/www_overviewgenestructure/overviewgenestructure.pdf
converting to text: /usr/local/bookworm/html/chapters/www_pharyngealrecording/pharyngealrecording.pdf
converting to text: /usr/local/bookworm/html/chapters/www_phylogrhabditids/phylorhab.pdf
converting to text: /usr/local/bookworm/html/chapters/www_ppageneticprotocols/ppageneticprotocols.pdf
converting to text: /usr/local/bookworm/html/chapters/www_ppagenomics/ppagenomics.pdf
converting to text: /usr/local/bookworm/html/chapters/www_programcelldeath/programcelldeath.pdf
converting to text: /usr/local/bookworm/html/chapters/www_protocolslargescaleishlarvae/protocolslargescaleishlarvae.pdf
converting to text: /usr/local/bookworm/html/chapters/www_putativechemoreceptorfam/putativechemoreceptorfam.pdf
converting to text: /usr/local/bookworm/html/chapters/www_quicktourdiversity/quicktourdiversity.pdf
converting to text: /usr/local/bookworm/html/chapters/www_reportergenefusions/reportergenefusions.pdf
converting to text: /usr/local/bookworm/html/chapters/www_sexgermline/sexgermline.pdf
converting to text: /usr/local/bookworm/html/chapters/www_sexgermline.2/sexgermline.pdf
converting to text: /usr/local/bookworm/html/chapters/www_signalingimmuneresponse/signalingimmuneresponse.pdf
converting to text: /usr/local/bookworm/html/chapters/www_smallGTPases/smallGTPases.pdf
converting to text: /usr/local/bookworm/html/chapters/www_somaticsexdeterm/somaticsexdeterm.pdf
converting to text: /usr/local/bookworm/html/chapters/www_specgermline/specgermline.pdf
converting to text: /usr/local/bookworm/html/chapters/www_specnervsys/specnervsys.pdf
converting to text: /usr/local/bookworm/html/chapters/www_specnervsys.2/neurogenesis.pdf
converting to text: /usr/local/bookworm/html/chapters/www_spermatogenesis/spermatogenesis.pdf
converting to text: /usr/local/bookworm/html/chapters/www_spermmotilityMSP/spermmotilityMSP.pdf
converting to text: /usr/local/bookworm/html/chapters/www_strainmaintain/strainmaintain.pdf
converting to text: /usr/local/bookworm/html/chapters/www_strongyloides/strongyloides.pdf
converting to text: /usr/local/bookworm/html/chapters/www_suppressormutations/suppressormutations.pdf
converting to text: /usr/local/bookworm/html/chapters/www_synapticfunction/synapticfunction.pdf
converting to text: /usr/local/bookworm/html/chapters/www_synaptogenesis/synaptogenesis.pdf
converting to text: /usr/local/bookworm/html/chapters/www_syntheticenhancermutat/syntheticenhancermutat.pdf
converting to text: /usr/local/bookworm/html/chapters/www_tgfbsignal/tgfbsignal.pdf
300 files processed
converting to text: /usr/local/bookworm/html/chapters/www_threepointmapmarkers/threepointmapmarkers.pdf
converting to text: /usr/local/bookworm/html/chapters/www_transcriptionalregulation/transcriptionalregulation.pdf
converting to text: /usr/local/bookworm/html/chapters/www_transcriptionmechanisms/transcriptionmechanisms.pdf
converting to text: /usr/local/bookworm/html/chapters/www_transctrlmaternalRNAs/transctrlmaternalRNAs.pdf
converting to text: /usr/local/bookworm/html/chapters/www_transformationmicroinjection/transformationmicroinjection.pdf
converting to text: /usr/local/bookworm/html/chapters/www_transgenic/transgenic.pdf
converting to text: /usr/local/bookworm/html/chapters/www_transposons/transposons.pdf
converting to text: /usr/local/bookworm/html/chapters/www_transsplicingoperons/transsplicingoperons.pdf
converting to text: /usr/local/bookworm/html/chapters/www_twopointmapmarkers/twopointmapmarkers.pdf
converting to text: /usr/local/bookworm/html/chapters/www_twopointmapmarkers.2/twopointmapmarkers.pdf
converting to text: /usr/local/bookworm/html/chapters/www_ubiquitinpathways/ubiquitinpathways.pdf
converting to text: /usr/local/bookworm/html/chapters/www_vulvaldev/vulvaldev.pdf
converting to text: /usr/local/bookworm/html/chapters/www_webresourcesCelegans/webresourcesCelegans.pdf
converting to text: /usr/local/bookworm/html/chapters/www_wntsignaling/wntsignaling.pdf
314 files indexed
1384 sections generated
